***********************************************************************
*
*	DYNAMIC LINK AND INDIRECT ALLOCATION LISTING FOR: DIN_Simul8_Project01
*
***********************************************************************


***************************************************
	 FIRST CODE AREA
***************************************************

***************************************************
	 DATABLOCK PATCHES
***************************************************
*
* List of data blocks that will be checked run-time for consistency with
* their definition available at compile-time
*
*
*	REQUIREMENTS for DATA BLOCK %Q1
*		Process image: 0
*		Number of elements: 7
*		Data size (bytes): 1
0000	00 02 01 00 07 00 00 00 01 00 00 00 

*
*	REQUIREMENTS for DATA BLOCK %I0
*		Process image: 0
*		Number of elements: 8
*		Data size (bytes): 2
000C	00 01 00 00 08 00 00 00 02 00 00 00 

*
* List of all references to data allocated on data blocks
* along with the whole information required by the run-time linker
*
*
*	1 REFERENCE(S) TO 8-BIT VAR AT BYTE #0 OF DATA BLOCK %Q1
0000	00 00 01 00 00 00 00 00 02 01 01 00 

*		Instruction type: 0x00
*		Code offset: 0x00000278
000C	78 02 00 00 

*
*	1 REFERENCE(S) TO 8-BIT VAR AT BYTE #4 OF DATA BLOCK %I0
0010	00 00 00 00 04 00 00 00 01 01 01 00 

*		Instruction type: 0x00
*		Code offset: 0x00000290
001C	90 02 00 00 

*
*	1 REFERENCE(S) TO 8-BIT VAR AT BYTE #0 OF DATA BLOCK %I0
0020	00 00 00 00 00 00 00 00 01 01 01 00 

*		Instruction type: 0x00
*		Code offset: 0x00000288
002C	88 02 00 00 

*
*	1 REFERENCE(S) TO 8-BIT VAR AT BYTE #3 OF DATA BLOCK %Q1
0030	00 00 01 00 03 00 00 00 02 01 01 00 

*		Instruction type: 0x00
*		Code offset: 0x00000284
003C	84 02 00 00 

*
*	1 REFERENCE(S) TO 8-BIT VAR AT BYTE #14 OF DATA BLOCK %I0
0040	00 00 00 00 0E 00 00 00 01 01 01 00 

*		Instruction type: 0x00
*		Code offset: 0x000002A4
004C	A4 02 00 00 

*
*	1 REFERENCE(S) TO 8-BIT VAR AT BYTE #12 OF DATA BLOCK %I0
0050	00 00 00 00 0C 00 00 00 01 01 01 00 

*		Instruction type: 0x00
*		Code offset: 0x000002A0
005C	A0 02 00 00 

*
*	1 REFERENCE(S) TO 8-BIT VAR AT BYTE #10 OF DATA BLOCK %I0
0060	00 00 00 00 0A 00 00 00 01 01 01 00 

*		Instruction type: 0x00
*		Code offset: 0x0000029C
006C	9C 02 00 00 

*
*	1 REFERENCE(S) TO 8-BIT VAR AT BYTE #8 OF DATA BLOCK %I0
0070	00 00 00 00 08 00 00 00 01 01 01 00 

*		Instruction type: 0x00
*		Code offset: 0x00000298
007C	98 02 00 00 

*
*	1 REFERENCE(S) TO 8-BIT VAR AT BYTE #2 OF DATA BLOCK %Q1
0080	00 00 01 00 02 00 00 00 02 01 01 00 

*		Instruction type: 0x00
*		Code offset: 0x00000280
008C	80 02 00 00 

*
*	1 REFERENCE(S) TO 8-BIT VAR AT BYTE #1 OF DATA BLOCK %Q1
0090	00 00 01 00 01 00 00 00 02 01 01 00 

*		Instruction type: 0x00
*		Code offset: 0x0000027C
009C	7C 02 00 00 

*
*	1 REFERENCE(S) TO 8-BIT VAR AT BYTE #6 OF DATA BLOCK %I0
00A0	00 00 00 00 06 00 00 00 01 01 01 00 

*		Instruction type: 0x00
*		Code offset: 0x00000294
00AC	94 02 00 00 

*
*	1 REFERENCE(S) TO 8-BIT VAR AT BYTE #2 OF DATA BLOCK %I0
00B0	00 00 00 00 02 00 00 00 01 01 01 00 

*		Instruction type: 0x00
*		Code offset: 0x0000028C
00BC	8C 02 00 00 


***************************************************
	 FUNCTION PATCHES
***************************************************

NAME: sysCfgAnalogRes  - NUM: 1
	 Patch - TYPE: 0x0 - CODE OFFSET: 0x000003FC

NAME: sysCfgProgInput  - NUM: 1
	 Patch - TYPE: 0x0 - CODE OFFSET: 0x00000400

NAME: sysDBase_SetExtTable  - NUM: 1
	 Patch - TYPE: 0x0 - CODE OFFSET: 0x00000330
